0 info it worked if it ends with ok
1 verbose cli [ '/usr/bin/node', '/usr/bin/npm', 'install', 'knex' ]
2 info using npm@3.5.2
3 info using node@v8.10.0
4 silly loadCurrentTree Starting
5 silly install loadCurrentTree
6 silly install readLocalPackageData
7 silly fetchPackageMetaData knex
8 silly fetchNamedPackageData knex
9 silly mapToRegistry name knex
10 silly mapToRegistry using default registry
11 silly mapToRegistry registry https://registry.npmjs.org/
12 silly mapToRegistry uri https://registry.npmjs.org/knex
13 verbose request uri https://registry.npmjs.org/knex
14 verbose request no auth needed
15 info attempt registry request try #1 at 20:46:35
16 verbose request id 035db3b1e6ee363f
17 verbose etag W/"9da4a5519ef7ee782782b259871dbbeb"
18 verbose lastModified Fri, 20 Aug 2021 10:06:57 GMT
19 http request GET https://registry.npmjs.org/knex
20 http 304 https://registry.npmjs.org/knex
21 verbose headers { date: 'Wed, 25 Aug 2021 23:46:36 GMT',
21 verbose headers   connection: 'keep-alive',
21 verbose headers   'cf-ray': '6848b35b5fe1f84b-GIG',
21 verbose headers   'cache-control': 'public, max-age=300',
21 verbose headers   etag: '"9da4a5519ef7ee782782b259871dbbeb"',
21 verbose headers   'last-modified': 'Fri, 20 Aug 2021 10:06:57 GMT',
21 verbose headers   vary: 'Accept-Encoding',
21 verbose headers   'cf-cache-status': 'REVALIDATED',
21 verbose headers   'expect-ct': 'max-age=604800, report-uri="https://report-uri.cloudflare.com/cdn-cgi/beacon/expect-ct"',
21 verbose headers   'x-amz-replication-status': 'COMPLETED',
21 verbose headers   server: 'cloudflare' }
22 silly get cb [ 304,
22 silly get   { date: 'Wed, 25 Aug 2021 23:46:36 GMT',
22 silly get     connection: 'keep-alive',
22 silly get     'cf-ray': '6848b35b5fe1f84b-GIG',
22 silly get     'cache-control': 'public, max-age=300',
22 silly get     etag: '"9da4a5519ef7ee782782b259871dbbeb"',
22 silly get     'last-modified': 'Fri, 20 Aug 2021 10:06:57 GMT',
22 silly get     vary: 'Accept-Encoding',
22 silly get     'cf-cache-status': 'REVALIDATED',
22 silly get     'expect-ct': 'max-age=604800, report-uri="https://report-uri.cloudflare.com/cdn-cgi/beacon/expect-ct"',
22 silly get     'x-amz-replication-status': 'COMPLETED',
22 silly get     server: 'cloudflare' } ]
23 verbose etag https://registry.npmjs.org/knex from cache
24 verbose get saving knex to /home/vania/.npm/registry.npmjs.org/knex/.cache.json
25 silly install normalizeTree
26 silly loadCurrentTree Finishing
27 silly loadIdealTree Starting
28 silly install loadIdealTree
29 silly cloneCurrentTree Starting
30 silly install cloneCurrentTreeToIdealTree
31 silly cloneCurrentTree Finishing
32 silly loadShrinkwrap Starting
33 silly install loadShrinkwrap
34 silly loadShrinkwrap Finishing
35 silly loadAllDepsIntoIdealTree Starting
36 silly install loadAllDepsIntoIdealTree
37 silly resolveWithNewModule knex@0.95.10 checking installable status
38 silly cache add args [ 'knex', null ]
39 verbose cache add spec knex
40 silly cache add parsed spec Result {
40 silly cache add   raw: 'knex',
40 silly cache add   scope: null,
40 silly cache add   name: 'knex',
40 silly cache add   rawSpec: '',
40 silly cache add   spec: 'latest',
40 silly cache add   type: 'tag' }
41 silly addNamed knex@latest
42 verbose addNamed "latest" is being treated as a dist-tag for knex
43 info addNameTag [ 'knex', 'latest' ]
44 silly mapToRegistry name knex
45 silly mapToRegistry using default registry
46 silly mapToRegistry registry https://registry.npmjs.org/
47 silly mapToRegistry uri https://registry.npmjs.org/knex
48 verbose addNameTag registry:https://registry.npmjs.org/knex not in flight; fetching
49 verbose get https://registry.npmjs.org/knex not expired, no request
50 silly addNameTag next cb for knex with tag latest
51 silly addNamed knex@0.95.10
52 verbose addNamed "0.95.10" is a plain semver version for knex
53 silly cache afterAdd knex@0.95.10
54 verbose afterAdd /home/vania/.npm/knex/0.95.10/package/package.json not in flight; writing
55 verbose afterAdd /home/vania/.npm/knex/0.95.10/package/package.json written
56 silly fetchNamedPackageData colorette
57 silly mapToRegistry name colorette
58 silly mapToRegistry using default registry
59 silly mapToRegistry registry https://registry.npmjs.org/
60 silly mapToRegistry uri https://registry.npmjs.org/colorette
61 silly fetchNamedPackageData commander
62 silly mapToRegistry name commander
63 silly mapToRegistry using default registry
64 silly mapToRegistry registry https://registry.npmjs.org/
65 silly mapToRegistry uri https://registry.npmjs.org/commander
66 silly fetchNamedPackageData debug
67 silly mapToRegistry name debug
68 silly mapToRegistry using default registry
69 silly mapToRegistry registry https://registry.npmjs.org/
70 silly mapToRegistry uri https://registry.npmjs.org/debug
71 silly fetchNamedPackageData escalade
72 silly mapToRegistry name escalade
73 silly mapToRegistry using default registry
74 silly mapToRegistry registry https://registry.npmjs.org/
75 silly mapToRegistry uri https://registry.npmjs.org/escalade
76 silly fetchNamedPackageData esm
77 silly mapToRegistry name esm
78 silly mapToRegistry using default registry
79 silly mapToRegistry registry https://registry.npmjs.org/
80 silly mapToRegistry uri https://registry.npmjs.org/esm
81 silly fetchNamedPackageData getopts
82 silly mapToRegistry name getopts
83 silly mapToRegistry using default registry
84 silly mapToRegistry registry https://registry.npmjs.org/
85 silly mapToRegistry uri https://registry.npmjs.org/getopts
86 silly fetchNamedPackageData interpret
87 silly mapToRegistry name interpret
88 silly mapToRegistry using default registry
89 silly mapToRegistry registry https://registry.npmjs.org/
90 silly mapToRegistry uri https://registry.npmjs.org/interpret
91 silly fetchNamedPackageData lodash
92 silly mapToRegistry name lodash
93 silly mapToRegistry using default registry
94 silly mapToRegistry registry https://registry.npmjs.org/
95 silly mapToRegistry uri https://registry.npmjs.org/lodash
96 silly fetchNamedPackageData pg-connection-string
97 silly mapToRegistry name pg-connection-string
98 silly mapToRegistry using default registry
99 silly mapToRegistry registry https://registry.npmjs.org/
100 silly mapToRegistry uri https://registry.npmjs.org/pg-connection-string
101 silly fetchNamedPackageData rechoir
102 silly mapToRegistry name rechoir
103 silly mapToRegistry using default registry
104 silly mapToRegistry registry https://registry.npmjs.org/
105 silly mapToRegistry uri https://registry.npmjs.org/rechoir
106 silly fetchNamedPackageData resolve-from
107 silly mapToRegistry name resolve-from
108 silly mapToRegistry using default registry
109 silly mapToRegistry registry https://registry.npmjs.org/
110 silly mapToRegistry uri https://registry.npmjs.org/resolve-from
111 silly fetchNamedPackageData tarn
112 silly mapToRegistry name tarn
113 silly mapToRegistry using default registry
114 silly mapToRegistry registry https://registry.npmjs.org/
115 silly mapToRegistry uri https://registry.npmjs.org/tarn
116 silly fetchNamedPackageData tildify
117 silly mapToRegistry name tildify
118 silly mapToRegistry using default registry
119 silly mapToRegistry registry https://registry.npmjs.org/
120 silly mapToRegistry uri https://registry.npmjs.org/tildify
121 verbose request uri https://registry.npmjs.org/colorette
122 verbose request no auth needed
123 info attempt registry request try #1 at 20:46:36
124 verbose etag W/"9e3cd7191e2590bdd13645c5bb828c82"
125 verbose lastModified Tue, 10 Aug 2021 12:55:48 GMT
126 http request GET https://registry.npmjs.org/colorette
127 verbose request uri https://registry.npmjs.org/interpret
128 verbose request no auth needed
129 info attempt registry request try #1 at 20:46:36
130 verbose etag W/"99f2474b51cd43f129b9d8a812129e11"
131 verbose lastModified Wed, 03 Jun 2020 06:52:10 GMT
132 http request GET https://registry.npmjs.org/interpret
133 verbose request uri https://registry.npmjs.org/commander
134 verbose request no auth needed
135 info attempt registry request try #1 at 20:46:36
136 verbose etag W/"6905b919f80fd9ee033ea9cf12f65e38"
137 verbose lastModified Thu, 12 Aug 2021 06:26:00 GMT
138 http request GET https://registry.npmjs.org/commander
139 verbose request uri https://registry.npmjs.org/getopts
140 verbose request no auth needed
141 info attempt registry request try #1 at 20:46:36
142 verbose etag W/"2b1ba34d4114ae44006a810c62d46e1b"
143 verbose lastModified Mon, 15 Feb 2021 19:08:09 GMT
144 http request GET https://registry.npmjs.org/getopts
145 verbose request uri https://registry.npmjs.org/escalade
146 verbose request no auth needed
147 info attempt registry request try #1 at 20:46:36
148 verbose etag W/"0e66549dbb5ff2396dbd63a07fcda2db"
149 verbose lastModified Tue, 13 Oct 2020 06:03:47 GMT
150 http request GET https://registry.npmjs.org/escalade
151 verbose request uri https://registry.npmjs.org/rechoir
152 verbose request no auth needed
153 info attempt registry request try #1 at 20:46:36
154 verbose etag W/"59dc27410031d68844bfa983446a85e6"
155 verbose lastModified Sat, 24 Jul 2021 04:39:28 GMT
156 http request GET https://registry.npmjs.org/rechoir
157 verbose request uri https://registry.npmjs.org/tarn
158 verbose request no auth needed
159 info attempt registry request try #1 at 20:46:36
160 verbose etag W/"d17da9dcda4157847845a64b9a40148a"
161 verbose lastModified Sun, 25 Oct 2020 10:35:36 GMT
162 http request GET https://registry.npmjs.org/tarn
163 verbose request uri https://registry.npmjs.org/esm
164 verbose request no auth needed
165 info attempt registry request try #1 at 20:46:37
166 verbose etag W/"ffb044fdd4b295d4f9a02b41022167ff"
167 verbose lastModified Fri, 16 Aug 2019 06:01:57 GMT
168 http request GET https://registry.npmjs.org/esm
169 verbose request uri https://registry.npmjs.org/pg-connection-string
170 verbose request no auth needed
171 info attempt registry request try #1 at 20:46:37
172 verbose etag W/"87a40b43cdc99b1bc697cde2d4a05816"
173 verbose lastModified Tue, 13 Apr 2021 16:03:59 GMT
174 http request GET https://registry.npmjs.org/pg-connection-string
175 verbose request uri https://registry.npmjs.org/debug
176 verbose request no auth needed
177 info attempt registry request try #1 at 20:46:37
178 verbose etag W/"ad8970d96ed2476a05d78054ae4b5859"
179 verbose lastModified Sun, 04 Jul 2021 04:57:02 GMT
180 http request GET https://registry.npmjs.org/debug
181 verbose request uri https://registry.npmjs.org/resolve-from
182 verbose request no auth needed
183 info attempt registry request try #1 at 20:46:37
184 verbose etag W/"6852cfcba99748b29571c5706411828f"
185 verbose lastModified Mon, 15 Apr 2019 04:06:29 GMT
186 http request GET https://registry.npmjs.org/resolve-from
187 verbose request uri https://registry.npmjs.org/tildify
188 verbose request no auth needed
189 info attempt registry request try #1 at 20:46:37
190 verbose etag W/"8c2aa2c6dee4745cb3174fe949f94467"
191 verbose lastModified Thu, 12 Aug 2021 12:53:36 GMT
192 http request GET https://registry.npmjs.org/tildify
193 verbose request uri https://registry.npmjs.org/lodash
194 verbose request no auth needed
195 info attempt registry request try #1 at 20:46:37
196 verbose etag W/"8f4d690f3a66a821ffba785b97cb8783"
197 verbose lastModified Tue, 17 Aug 2021 06:20:12 GMT
198 http request GET https://registry.npmjs.org/lodash
199 http 304 https://registry.npmjs.org/colorette
200 verbose headers { date: 'Wed, 25 Aug 2021 23:46:37 GMT',
200 verbose headers   connection: 'keep-alive',
200 verbose headers   'cf-ray': '6848b3652d64f84b-GIG',
200 verbose headers   'cache-control': 'public, max-age=300',
200 verbose headers   etag: '"9e3cd7191e2590bdd13645c5bb828c82"',
200 verbose headers   'last-modified': 'Tue, 10 Aug 2021 12:55:48 GMT',
200 verbose headers   vary: 'Accept-Encoding',
200 verbose headers   'cf-cache-status': 'REVALIDATED',
200 verbose headers   'expect-ct': 'max-age=604800, report-uri="https://report-uri.cloudflare.com/cdn-cgi/beacon/expect-ct"',
200 verbose headers   'x-amz-replication-status': 'COMPLETED',
200 verbose headers   server: 'cloudflare' }
201 silly get cb [ 304,
201 silly get   { date: 'Wed, 25 Aug 2021 23:46:37 GMT',
201 silly get     connection: 'keep-alive',
201 silly get     'cf-ray': '6848b3652d64f84b-GIG',
201 silly get     'cache-control': 'public, max-age=300',
201 silly get     etag: '"9e3cd7191e2590bdd13645c5bb828c82"',
201 silly get     'last-modified': 'Tue, 10 Aug 2021 12:55:48 GMT',
201 silly get     vary: 'Accept-Encoding',
201 silly get     'cf-cache-status': 'REVALIDATED',
201 silly get     'expect-ct': 'max-age=604800, report-uri="https://report-uri.cloudflare.com/cdn-cgi/beacon/expect-ct"',
201 silly get     'x-amz-replication-status': 'COMPLETED',
201 silly get     server: 'cloudflare' } ]
202 verbose etag https://registry.npmjs.org/colorette from cache
203 verbose get saving colorette to /home/vania/.npm/registry.npmjs.org/colorette/.cache.json
204 verbose stack Error: Missing required argument #1
204 verbose stack     at andLogAndFinish (/usr/share/npm/lib/fetch-package-metadata.js:31:3)
204 verbose stack     at fetchPackageMetadata (/usr/share/npm/lib/fetch-package-metadata.js:51:22)
204 verbose stack     at resolveWithNewModule (/usr/share/npm/lib/install/deps.js:456:12)
204 verbose stack     at /usr/share/npm/lib/install/deps.js:457:7
204 verbose stack     at /usr/share/npm/node_modules/iferr/index.js:13:50
204 verbose stack     at /usr/share/npm/lib/fetch-package-metadata.js:37:12
204 verbose stack     at addRequestedAndFinish (/usr/share/npm/lib/fetch-package-metadata.js:82:5)
204 verbose stack     at returnAndAddMetadata (/usr/share/npm/lib/fetch-package-metadata.js:117:7)
204 verbose stack     at pickVersionFromRegistryDocument (/usr/share/npm/lib/fetch-package-metadata.js:134:20)
204 verbose stack     at /usr/share/npm/node_modules/iferr/index.js:13:50
205 verbose cwd /home/vania/Documentos/CursoCappacita/MeuProjeto/Cappacita/Desafio_Pokemon/projeto
206 error Linux 5.4.0-81-generic
207 error argv "/usr/bin/node" "/usr/bin/npm" "install" "knex"
208 error node v8.10.0
209 error npm  v3.5.2
210 error code EMISSINGARG
211 error typeerror Error: Missing required argument #1
211 error typeerror     at andLogAndFinish (/usr/share/npm/lib/fetch-package-metadata.js:31:3)
211 error typeerror     at fetchPackageMetadata (/usr/share/npm/lib/fetch-package-metadata.js:51:22)
211 error typeerror     at resolveWithNewModule (/usr/share/npm/lib/install/deps.js:456:12)
211 error typeerror     at /usr/share/npm/lib/install/deps.js:457:7
211 error typeerror     at /usr/share/npm/node_modules/iferr/index.js:13:50
211 error typeerror     at /usr/share/npm/lib/fetch-package-metadata.js:37:12
211 error typeerror     at addRequestedAndFinish (/usr/share/npm/lib/fetch-package-metadata.js:82:5)
211 error typeerror     at returnAndAddMetadata (/usr/share/npm/lib/fetch-package-metadata.js:117:7)
211 error typeerror     at pickVersionFromRegistryDocument (/usr/share/npm/lib/fetch-package-metadata.js:134:20)
211 error typeerror     at /usr/share/npm/node_modules/iferr/index.js:13:50
212 error typeerror This is an error with npm itself. Please report this error at:
212 error typeerror     <http://github.com/npm/npm/issues>
213 verbose exit [ 1, true ]
